wandb: Currently logged in as: lee_changmin (lee_changmin-sangmyung-uni) to https://api.wandb.ai. Use `wandb login --relogin` to force relogin
wandb: setting up run 6dlv249w
wandb: Tracking run with wandb version 0.23.0
wandb: Run data is saved locally in /home/cia/disk1/bci_intern/AAAI2026/RLDoom/logs/wandb/wandb/run-20251205_180406-6dlv249w
wandb: Run `wandb offline` to turn off syncing.
wandb: Syncing run dddqn_seed0
wandb: ⭐️ View project at https://wandb.ai/lee_changmin-sangmyung-uni/RLDoom
wandb: 🚀 View run at https://wandb.ai/lee_changmin-sangmyung-uni/RLDoom/runs/6dlv249w
pci id for fd 8: 1a03:2000, driver (null)
MESA-LOADER: failed to open ast: /usr/lib/dri/ast_dri.so: cannot open shared object file: No such file or directory (search paths /usr/lib/x86_64-linux-gnu/dri:\$${ORIGIN}/dri:/usr/lib/dri, suffix _dri)
pci id for fd 9: 1a03:2000, driver (null)
kmsro: driver missing
dddqn train:   0%|          | 0/2000 [00:00<?, ?it/s]dddqn train:   0%|          | 0/2000 [00:01<?, ?it/s]
Traceback (most recent call last):
  File "/home/cia/disk1/bci_intern/AAAI2026/RLDoom/train.py", line 87, in <module>
    main()
  File "/home/cia/disk1/bci_intern/AAAI2026/RLDoom/train.py", line 78, in main
    train_offpolicy(agent, cfg, logger)
  File "/home/cia/disk1/bci_intern/AAAI2026/RLDoom/rldoom/trainers/offpolicy.py", line 57, in train_offpolicy
    "episode": ep_idx,
UnboundLocalError: local variable 'ep_idx' referenced before assignment
[1;34mwandb[0m: 
[1;34mwandb[0m: 🚀 View run [33mdddqn_seed0[0m at: [34mhttps://wandb.ai/lee_changmin-sangmyung-uni/RLDoom/runs/6dlv249w[0m
[1;34mwandb[0m: Find logs at: [1;35mlogs/wandb/wandb/run-20251205_180406-6dlv249w/logs[0m
